<?xml version="1.0" encoding="UTF-8"?>
<testsuite xmlns:xsi="http://www.w3.org/2001/XMLSchema-instance" xsi:noNamespaceSchemaLocation="https://maven.apache.org/surefire/maven-surefire-plugin/xsd/surefire-test-report-3.0.xsd" version="3.0" name="TestSuite" time="182.433" tests="9" errors="0" skipped="0" failures="7">
  <properties>
[...]
</properties>
  <testcase name="runScenario[&quot;Slow loading of the home page&quot;, &quot;Optional[access direct link]&quot;](1)" classname="TestRunner" time="24.397">
    <system-out><![CDATA[
@Bug_449
Scenario: Slow loading of the home page # src/test/resources/features/accessDirectLink.feature:4
salut
Windows 10
driver: ChromeDriver: chrome on WINDOWS (598bc7e314983ca6c1733321cbb65fec)
  Given user navigate to home page      # StepDefinitions.SlowLoadingHomePageSteps.navigateToHomePage()
temps de chargement long8
  Then count number of loading times    # StepDefinitions.SlowLoadingHomePageSteps.countTimeLoadingPage()
]]></system-out>
    <system-err><![CDATA[Starting ChromeDriver 90.0.4430.24 (4c6d850f087da467d926e8eddb76550aed655991-refs/branch-heads/4430@{#429}) on port 38746
Only local connections are allowed.
Please see https://chromedriver.chromium.org/security-considerations for suggestions on keeping ChromeDriver safe.
ChromeDriver was started successfully.
[1622664827.703][WARNING]: Deprecated chrome option is ignored: useAutomationExtension
[1622664827.703][WARNING]: Deprecated chrome option is ignored: useAutomationExtension
[1622664830.695][WARNING]: This version of ChromeDriver has not been tested with Chrome version 91.
juin 02, 2021 9:13:51 PM org.openqa.selenium.remote.ProtocolHandshake createSession
INFOS: Detected dialect: W3C
]]></system-err>
  </testcase>
  <testcase name="runScenario[&quot;Ineffective job search filter&quot;, &quot;Optional.empty&quot;](2)" classname="TestRunner" time="21.031">
    <failure message="expected [false] but found [true]" type="java.lang.AssertionError"><![CDATA[java.lang.AssertionError: expected [false] but found [true]
]]></failure>
    <system-out><![CDATA[
@Bug_443
Scenario: Ineffective job search filter               # src/test/resources/features/arval.feature:6
salut
Windows 10
driver: ChromeDriver: chrome on WINDOWS (fad9e2d59af273e912d24d4ebaa9c54e)
  Given user connect to the homePage                  # StepDefinitions.OpenHomePageStep.user_connect_to_the_home_page()
  And Click on the link About Arval                   # StepDefinitions.IneffectiveJobSearchFilterSteps.ClickOnTheLinkAboutArval()
  And Click on the link 'Careers & jobs'              # StepDefinitions.IneffectiveJobSearchFilterSteps.ClickOnTheLinkCareersJobs()
  Then Select 'CDI' from the <<I'm looking for>> link # StepDefinitions.IneffectiveJobSearchFilterSteps.SelectCareerCDI()
      java.lang.AssertionError: expected [false] but found [true]
	at org.testng.Assert.fail(Assert.java:99)
	at org.testng.Assert.failNotEquals(Assert.java:1037)
	at org.testng.Assert.assertFalse(Assert.java:67)
	at org.testng.Assert.assertFalse(Assert.java:77)
	at StepDefinitions.IneffectiveJobSearchFilterSteps.SelectCareerCDI(IneffectiveJobSearchFilterSteps.java:30)
	at âœ½.Select 'CDI' from the <<I'm looking for>> link(file:///C:/Users/Gabriel/Documents/PAWK/Projets/ArvalTestAutomation/src/test/resources/features/arval.feature:9)

]]></system-out>
    <system-err><![CDATA[Starting ChromeDriver 90.0.4430.24 (4c6d850f087da467d926e8eddb76550aed655991-refs/branch-heads/4430@{#429}) on port 24435
Only local connections are allowed.
Please see https://chromedriver.chromium.org/security-considerations for suggestions on keeping ChromeDriver safe.
ChromeDriver was started successfully.
[1622664849.933][WARNING]: Deprecated chrome option is ignored: useAutomationExtension
[1622664849.933][WARNING]: Deprecated chrome option is ignored: useAutomationExtension
[1622664850.791][WARNING]: This version of ChromeDriver has not been tested with Chrome version 91.
juin 02, 2021 9:14:10 PM org.openqa.selenium.remote.ProtocolHandshake createSession
INFOS: Detected dialect: W3C
]]></system-err>
  </testcase>
  <testcase name="runScenario[&quot;link returning an error page&quot;, &quot;Optional.empty&quot;](3)" classname="TestRunner" time="19.3">
    <failure message="expected [false] but found [true]" type="java.lang.AssertionError"><![CDATA[java.lang.AssertionError: expected [false] but found [true]
]]></failure>
    <system-out><![CDATA[
@Bug_499
Scenario: link returning an error page                                                                        # src/test/resources/features/arval.feature:12
salut
Windows 10
driver: ChromeDriver: chrome on WINDOWS (4d47d6cf54d5307c0c8d44b4a0dbec0b)
  Given user connect to the homePage                                                                          # StepDefinitions.OpenHomePageStep.user_connect_to_the_home_page()
  And At footer level click on an international partner                                                       # StepDefinitions.LinkNotFoundSteps.navigateToInternationalPartner()
  Then The international partner page opens, in the navigation bar click on the expertise and professions tab # StepDefinitions.LinkNotFoundSteps.navigateToexpertiseAndProfessional()
  And Scroller et faire un clic sur l'offre location longue durÃ©e dâ€™Arval                                     # StepDefinitions.LinkNotFoundSteps.scrollerEtFaireUnClicSurLOffreLocationLongueDurÃ©eDArval()
  And A drop-down description is displayed, click on the link discover products and services                  # StepDefinitions.LinkNotFoundSteps.aDropDownDescriptionIsDisplayedClickOnTheLinkDiscoverProductsAndServices()
      java.lang.AssertionError: expected [false] but found [true]
	at org.testng.Assert.fail(Assert.java:99)
	at org.testng.Assert.failNotEquals(Assert.java:1037)
	at org.testng.Assert.assertFalse(Assert.java:67)
	at org.testng.Assert.assertFalse(Assert.java:77)
	at StepDefinitions.LinkNotFoundSteps.aDropDownDescriptionIsDisplayedClickOnTheLinkDiscoverProductsAndServices(LinkNotFoundSteps.java:33)
	at âœ½.A drop-down description is displayed, click on the link discover products and services(file:///C:/Users/Gabriel/Documents/PAWK/Projets/ArvalTestAutomation/src/test/resources/features/arval.feature:16)

]]></system-out>
    <system-err><![CDATA[Starting ChromeDriver 90.0.4430.24 (4c6d850f087da467d926e8eddb76550aed655991-refs/branch-heads/4430@{#429}) on port 26813
Only local connections are allowed.
Please see https://chromedriver.chromium.org/security-considerations for suggestions on keeping ChromeDriver safe.
ChromeDriver was started successfully.
[1622664870.963][WARNING]: Deprecated chrome option is ignored: useAutomationExtension
[1622664870.964][WARNING]: Deprecated chrome option is ignored: useAutomationExtension
[1622664871.715][WARNING]: This version of ChromeDriver has not been tested with Chrome version 91.
juin 02, 2021 9:14:31 PM org.openqa.selenium.remote.ProtocolHandshake createSession
INFOS: Detected dialect: W3C
]]></system-err>
  </testcase>
  <testcase name="runScenario[&quot;Redirection to insecure links&quot;, &quot;Optional.empty&quot;](4)" classname="TestRunner" time="22.747">
    <system-out><![CDATA[
@Bug_495
Scenario: Redirection to insecure links       # src/test/resources/features/arval.feature:19
salut
Windows 10
driver: ChromeDriver: chrome on WINDOWS (d23cc15d8f8dc3cc6802484c10b63395)
  Given user connect to the homePage          # StepDefinitions.OpenHomePageStep.user_connect_to_the_home_page()
link: http://lp-info.arval.com/comparatif-vehicule-professionnel-personnel
link: http://lp-info.arval.com/livre-blanc-financement-vehicule-professionnel
link: http://www.arval.fr/pro/choisir-ma-voiture
link: http://arval.com/
  And ckeck all link to verify insecure links # StepDefinitions.InsecureLinkSteps.ckeckAllLink()
]]></system-out>
    <system-err><![CDATA[Starting ChromeDriver 90.0.4430.24 (4c6d850f087da467d926e8eddb76550aed655991-refs/branch-heads/4430@{#429}) on port 12056
Only local connections are allowed.
Please see https://chromedriver.chromium.org/security-considerations for suggestions on keeping ChromeDriver safe.
ChromeDriver was started successfully.
[1622664890.174][WARNING]: Deprecated chrome option is ignored: useAutomationExtension
[1622664890.174][WARNING]: Deprecated chrome option is ignored: useAutomationExtension
[1622664890.876][WARNING]: This version of ChromeDriver has not been tested with Chrome version 91.
juin 02, 2021 9:14:50 PM org.openqa.selenium.remote.ProtocolHandshake createSession
INFOS: Detected dialect: W3C
]]></system-err>
  </testcase>
  <testcase name="runScenario[&quot;Image not Load&quot;, &quot;Optional.empty&quot;](5)" classname="TestRunner" time="19.196">
    <failure message="expected [true] but found [false]" type="java.lang.AssertionError"><![CDATA[java.lang.AssertionError: expected [true] but found [false]
]]></failure>
    <system-out><![CDATA[
@Bug_488
Scenario: Image not Load                          # src/test/resources/features/arval.feature:23
salut
Windows 10
driver: ChromeDriver: chrome on WINDOWS (1c16b85108b9ad8f161b3563b95a9bee)
  Given user connect to the homePage              # StepDefinitions.OpenHomePageStep.user_connect_to_the_home_page()
  And navigate to link Fleet management solutions # StepDefinitions.ImageNotLoadSteps.navigateToLinkFleetManagementSolutions()
  And navigate to link Why arval                  # StepDefinitions.ImageNotLoadSteps.navigateToLinkWhyArval()
  Then see image header not load                  # StepDefinitions.ImageNotLoadSteps.checkLoadImage()
      java.lang.AssertionError: expected [true] but found [false]
	at org.testng.Assert.fail(Assert.java:99)
	at org.testng.Assert.failNotEquals(Assert.java:1037)
	at org.testng.Assert.assertTrue(Assert.java:45)
	at org.testng.Assert.assertTrue(Assert.java:55)
	at PageObjects.WhyArvalPage.verifyLoadImage(WhyArvalPage.java:27)
	at StepDefinitions.ImageNotLoadSteps.checkLoadImage(ImageNotLoadSteps.java:24)
	at âœ½.see image header not load(file:///C:/Users/Gabriel/Documents/PAWK/Projets/ArvalTestAutomation/src/test/resources/features/arval.feature:26)

]]></system-out>
    <system-err><![CDATA[Starting ChromeDriver 90.0.4430.24 (4c6d850f087da467d926e8eddb76550aed655991-refs/branch-heads/4430@{#429}) on port 34633
Only local connections are allowed.
Please see https://chromedriver.chromium.org/security-considerations for suggestions on keeping ChromeDriver safe.
ChromeDriver was started successfully.
[1622664912.994][WARNING]: Deprecated chrome option is ignored: useAutomationExtension
[1622664912.994][WARNING]: Deprecated chrome option is ignored: useAutomationExtension
[1622664913.796][WARNING]: This version of ChromeDriver has not been tested with Chrome version 91.
juin 02, 2021 9:15:13 PM org.openqa.selenium.remote.ProtocolHandshake createSession
INFOS: Detected dialect: W3C
]]></system-err>
  </testcase>
  <testcase name="runScenario[&quot;Incorret alignment component&quot;, &quot;Optional.empty&quot;](6)" classname="TestRunner" time="13.834">
    <failure message="expected [true] but found [false]" type="java.lang.AssertionError"><![CDATA[java.lang.AssertionError: expected [true] but found [false]
]]></failure>
    <system-out><![CDATA[
@Bug_481
Scenario: Incorret alignment component        # src/test/resources/features/arval.feature:29
salut
Windows 10
driver: ChromeDriver: chrome on WINDOWS (581b8e641071e1f0903abb549075cdde)
  Given user connect to the homePage          # StepDefinitions.OpenHomePageStep.user_connect_to_the_home_page()
  And navigate to "a car in long term rental" # StepDefinitions.IncorretAlignmentComponentSteps.navigateToCarInLongTermRental()
Bug non corrigé
  Then verfiy position element                # StepDefinitions.IncorretAlignmentComponentSteps.verfiyPositionElement()
      java.lang.AssertionError: expected [true] but found [false]
	at org.testng.Assert.fail(Assert.java:99)
	at org.testng.Assert.failNotEquals(Assert.java:1037)
	at org.testng.Assert.assertTrue(Assert.java:45)
	at org.testng.Assert.assertTrue(Assert.java:55)
	at PageObjects.ProfessionalPage.comparePosition(ProfessionalPage.java:47)
	at StepDefinitions.IncorretAlignmentComponentSteps.verfiyPositionElement(IncorretAlignmentComponentSteps.java:17)
	at âœ½.verfiy position element(file:///C:/Users/Gabriel/Documents/PAWK/Projets/ArvalTestAutomation/src/test/resources/features/arval.feature:31)

]]></system-out>
    <system-err><![CDATA[Starting ChromeDriver 90.0.4430.24 (4c6d850f087da467d926e8eddb76550aed655991-refs/branch-heads/4430@{#429}) on port 12138
Only local connections are allowed.
Please see https://chromedriver.chromium.org/security-considerations for suggestions on keeping ChromeDriver safe.
ChromeDriver was started successfully.
[1622664932.183][WARNING]: Deprecated chrome option is ignored: useAutomationExtension
[1622664932.183][WARNING]: Deprecated chrome option is ignored: useAutomationExtension
[1622664932.861][WARNING]: This version of ChromeDriver has not been tested with Chrome version 91.
juin 02, 2021 9:15:32 PM org.openqa.selenium.remote.ProtocolHandshake createSession
INFOS: Detected dialect: W3C
]]></system-err>
  </testcase>
  <testcase name="runScenario[&quot;The &quot;Contact us&quot; link is non-functional&quot;, &quot;Optional.empty&quot;](7)" classname="TestRunner" time="16.03">
    <failure message="expected [true] but found [false]" type="java.lang.AssertionError"><![CDATA[java.lang.AssertionError: expected [true] but found [false]
]]></failure>
    <system-out><![CDATA[
@Bug_448
Scenario: The "Contact us" link is non-functional # src/test/resources/features/arval.feature:34
salut
Windows 10
driver: ChromeDriver: chrome on WINDOWS (61679525db3d8cc70d27b2c800ae38ae)
  Given user connect to the homePage              # StepDefinitions.OpenHomePageStep.user_connect_to_the_home_page()
  And search car                                  # StepDefinitions.ContactLinkNotWorking.searchCar()
link non correct, bug non corrigéhttps://www.arval.fr/location/abarth?vehicleTypeRef=VHTPRI#xx
  And click on button "Contact us"                # StepDefinitions.ContactLinkNotWorking.clickOnButtonContact()
      java.lang.AssertionError: expected [true] but found [false]
	at org.testng.Assert.fail(Assert.java:99)
	at org.testng.Assert.failNotEquals(Assert.java:1037)
	at org.testng.Assert.assertTrue(Assert.java:45)
	at org.testng.Assert.assertTrue(Assert.java:55)
	at StepDefinitions.ContactLinkNotWorking.clickOnButtonContact(ContactLinkNotWorking.java:18)
	at âœ½.click on button "Contact us"(file:///C:/Users/Gabriel/Documents/PAWK/Projets/ArvalTestAutomation/src/test/resources/features/arval.feature:36)

]]></system-out>
    <system-err><![CDATA[Starting ChromeDriver 90.0.4430.24 (4c6d850f087da467d926e8eddb76550aed655991-refs/branch-heads/4430@{#429}) on port 17405
Only local connections are allowed.
Please see https://chromedriver.chromium.org/security-considerations for suggestions on keeping ChromeDriver safe.
ChromeDriver was started successfully.
[1622664946.052][WARNING]: Deprecated chrome option is ignored: useAutomationExtension
[1622664946.052][WARNING]: Deprecated chrome option is ignored: useAutomationExtension
[1622664946.776][WARNING]: This version of ChromeDriver has not been tested with Chrome version 91.
juin 02, 2021 9:15:46 PM org.openqa.selenium.remote.ProtocolHandshake createSession
INFOS: Detected dialect: W3C
]]></system-err>
  </testcase>
  <testcase name="runScenario[&quot;Change language link is empty&quot;, &quot;Optional.empty&quot;](8)" classname="TestRunner" time="19.543">
    <failure message="expected [true] but found [false]" type="java.lang.AssertionError"><![CDATA[java.lang.AssertionError: expected [true] but found [false]
]]></failure>
    <system-out><![CDATA[
@Bug_441
Scenario: Change language link is empty # src/test/resources/features/arval.feature:39
salut
Windows 10
driver: ChromeDriver: chrome on WINDOWS (1503dabf4bf999cac125a17408ef20e3)
  Given user connect to the homePage    # StepDefinitions.OpenHomePageStep.user_connect_to_the_home_page()
bug non resolu
  And change language website           # StepDefinitions.ChangeLangWorkingSteps.changeLanguage()
      java.lang.AssertionError: expected [true] but found [false]
	at org.testng.Assert.fail(Assert.java:99)
	at org.testng.Assert.failNotEquals(Assert.java:1037)
	at org.testng.Assert.assertTrue(Assert.java:45)
	at org.testng.Assert.assertTrue(Assert.java:55)
	at PageObjects.HomePage.getcontentdropdown(HomePage.java:147)
	at StepDefinitions.ChangeLangWorkingSteps.changeLanguage(ChangeLangWorkingSteps.java:11)
	at âœ½.change language website(file:///C:/Users/Gabriel/Documents/PAWK/Projets/ArvalTestAutomation/src/test/resources/features/arval.feature:40)

]]></system-out>
    <system-err><![CDATA[Starting ChromeDriver 90.0.4430.24 (4c6d850f087da467d926e8eddb76550aed655991-refs/branch-heads/4430@{#429}) on port 18005
Only local connections are allowed.
Please see https://chromedriver.chromium.org/security-considerations for suggestions on keeping ChromeDriver safe.
ChromeDriver was started successfully.
[1622664962.070][WARNING]: Deprecated chrome option is ignored: useAutomationExtension
[1622664962.070][WARNING]: Deprecated chrome option is ignored: useAutomationExtension
[1622664962.692][WARNING]: This version of ChromeDriver has not been tested with Chrome version 91.
juin 02, 2021 9:16:02 PM org.openqa.selenium.remote.ProtocolHandshake createSession
INFOS: Detected dialect: W3C
]]></system-err>
  </testcase>
  <testcase name="runScenario[&quot;Bad character management&quot;, &quot;Optional.empty&quot;](9)" classname="TestRunner" time="23.581">
    <failure message="expected [true] but found [false]" type="java.lang.AssertionError"><![CDATA[java.lang.AssertionError: expected [true] but found [false]
]]></failure>
    <system-out><![CDATA[
@Bug_467
Scenario: Bad character management   # src/test/resources/features/arval.feature:43
salut
Windows 10
driver: ChromeDriver: chrome on WINDOWS (960d80f270ea9f48242cb6e25abeb0b4)
  Given user connect to the homePage # StepDefinitions.OpenHomePageStep.user_connect_to_the_home_page()
  And navigate to professional page  # StepDefinitions.BadCharacterManagementSteps.navigateToProfessionalPage()
Bug corrigé: 
Bug corrigé: 
Bug corrigé: 
Bug corrigé: 
Bug corrigé: 
Bug corrigé: 
Bug corrigé: 
Bug corrigé: 
Bug corrigé: 
Bug corrigé: 
Bug corrigé: 
Bug corrigé: 
Bug corrigé: 
Bug corrigé: 
Bug corrigé: 
Bug corrigé: 
Bug corrigé: 
Bug corrigé: 
Bug corrigé: 
Bug corrigé: 
Bug corrigé: 
Bug corrigé: 
Bug corrigé: 
Bug non corrigé: S�RIE 3 BERLINE / 4P / BERLINE
  Then click to mark BMW             # StepDefinitions.BadCharacterManagementSteps.navigateToMarkBMW()
      java.lang.AssertionError: expected [true] but found [false]
	at org.testng.Assert.fail(Assert.java:99)
	at org.testng.Assert.failNotEquals(Assert.java:1037)
	at org.testng.Assert.assertTrue(Assert.java:45)
	at org.testng.Assert.assertTrue(Assert.java:55)
	at PageObjects.ProfessionalPage.verifyNameMark(ProfessionalPage.java:60)
	at StepDefinitions.BadCharacterManagementSteps.navigateToMarkBMW(BadCharacterManagementSteps.java:18)
	at âœ½.click to mark BMW(file:///C:/Users/Gabriel/Documents/PAWK/Projets/ArvalTestAutomation/src/test/resources/features/arval.feature:45)

]]></system-out>
    <system-err><![CDATA[Starting ChromeDriver 90.0.4430.24 (4c6d850f087da467d926e8eddb76550aed655991-refs/branch-heads/4430@{#429}) on port 41781
Only local connections are allowed.
Please see https://chromedriver.chromium.org/security-considerations for suggestions on keeping ChromeDriver safe.
ChromeDriver was started successfully.
[1622664981.616][WARNING]: Deprecated chrome option is ignored: useAutomationExtension
[1622664981.617][WARNING]: Deprecated chrome option is ignored: useAutomationExtension
[1622664982.329][WARNING]: This version of ChromeDriver has not been tested with Chrome version 91.
juin 02, 2021 9:16:22 PM org.openqa.selenium.remote.ProtocolHandshake createSession
INFOS: Detected dialect: W3C
]]></system-err>
  </testcase>
</testsuite>